<?xml version="1.0" encoding="UTF-8"?>
<testsuite xmlns:xsi="http://www.w3.org/2001/XMLSchema-instance" xsi:noNamespaceSchemaLocation="https://maven.apache.org/surefire/maven-surefire-plugin/xsd/surefire-test-report.xsd" name="com.zyc.wordlistsp.WordListSpApplicationTests" time="2.306" tests="2" errors="0" skipped="0" failures="0">
  <properties>
    <property name="java.specification.version" value="17"/>
    <property name="sun.jnu.encoding" value="UTF-8"/>
    <property name="java.class.path" value="/Users/zyc/IdeaProjects/WordListSP/target/test-classes:/Users/zyc/IdeaProjects/WordListSP/target/classes:/Users/zyc/.m2/repository/org/springframework/boot/spring-boot-starter-data-jdbc/2.6.3/spring-boot-starter-data-jdbc-2.6.3.jar:/Users/zyc/.m2/repository/org/springframework/data/spring-data-jdbc/2.3.1/spring-data-jdbc-2.3.1.jar:/Users/zyc/.m2/repository/org/springframework/data/spring-data-relational/2.3.1/spring-data-relational-2.3.1.jar:/Users/zyc/.m2/repository/org/springframework/data/spring-data-commons/2.6.1/spring-data-commons-2.6.1.jar:/Users/zyc/.m2/repository/org/springframework/spring-tx/5.3.15/spring-tx-5.3.15.jar:/Users/zyc/.m2/repository/org/springframework/spring-context/5.3.15/spring-context-5.3.15.jar:/Users/zyc/.m2/repository/org/springframework/spring-beans/5.3.15/spring-beans-5.3.15.jar:/Users/zyc/.m2/repository/org/springframework/boot/spring-boot-starter-data-redis/2.6.3/spring-boot-starter-data-redis-2.6.3.jar:/Users/zyc/.m2/repository/org/springframework/boot/spring-boot-starter/2.6.3/spring-boot-starter-2.6.3.jar:/Users/zyc/.m2/repository/org/springframework/boot/spring-boot/2.6.3/spring-boot-2.6.3.jar:/Users/zyc/.m2/repository/org/springframework/boot/spring-boot-starter-logging/2.6.3/spring-boot-starter-logging-2.6.3.jar:/Users/zyc/.m2/repository/ch/qos/logback/logback-classic/1.2.10/logback-classic-1.2.10.jar:/Users/zyc/.m2/repository/ch/qos/logback/logback-core/1.2.10/logback-core-1.2.10.jar:/Users/zyc/.m2/repository/org/apache/logging/log4j/log4j-to-slf4j/2.17.1/log4j-to-slf4j-2.17.1.jar:/Users/zyc/.m2/repository/org/apache/logging/log4j/log4j-api/2.17.1/log4j-api-2.17.1.jar:/Users/zyc/.m2/repository/org/slf4j/jul-to-slf4j/1.7.33/jul-to-slf4j-1.7.33.jar:/Users/zyc/.m2/repository/jakarta/annotation/jakarta.annotation-api/1.3.5/jakarta.annotation-api-1.3.5.jar:/Users/zyc/.m2/repository/org/yaml/snakeyaml/1.29/snakeyaml-1.29.jar:/Users/zyc/.m2/repository/org/springframework/data/spring-data-redis/2.6.1/spring-data-redis-2.6.1.jar:/Users/zyc/.m2/repository/org/springframework/data/spring-data-keyvalue/2.6.1/spring-data-keyvalue-2.6.1.jar:/Users/zyc/.m2/repository/org/springframework/spring-oxm/5.3.15/spring-oxm-5.3.15.jar:/Users/zyc/.m2/repository/org/springframework/spring-aop/5.3.15/spring-aop-5.3.15.jar:/Users/zyc/.m2/repository/org/springframework/spring-context-support/5.3.15/spring-context-support-5.3.15.jar:/Users/zyc/.m2/repository/io/lettuce/lettuce-core/6.1.6.RELEASE/lettuce-core-6.1.6.RELEASE.jar:/Users/zyc/.m2/repository/io/netty/netty-common/4.1.73.Final/netty-common-4.1.73.Final.jar:/Users/zyc/.m2/repository/io/netty/netty-handler/4.1.73.Final/netty-handler-4.1.73.Final.jar:/Users/zyc/.m2/repository/io/netty/netty-resolver/4.1.73.Final/netty-resolver-4.1.73.Final.jar:/Users/zyc/.m2/repository/io/netty/netty-buffer/4.1.73.Final/netty-buffer-4.1.73.Final.jar:/Users/zyc/.m2/repository/io/netty/netty-codec/4.1.73.Final/netty-codec-4.1.73.Final.jar:/Users/zyc/.m2/repository/io/netty/netty-tcnative-classes/2.0.46.Final/netty-tcnative-classes-2.0.46.Final.jar:/Users/zyc/.m2/repository/io/netty/netty-transport/4.1.73.Final/netty-transport-4.1.73.Final.jar:/Users/zyc/.m2/repository/io/projectreactor/reactor-core/3.4.14/reactor-core-3.4.14.jar:/Users/zyc/.m2/repository/org/reactivestreams/reactive-streams/1.0.3/reactive-streams-1.0.3.jar:/Users/zyc/.m2/repository/org/springframework/boot/spring-boot-starter-thymeleaf/2.6.3/spring-boot-starter-thymeleaf-2.6.3.jar:/Users/zyc/.m2/repository/org/thymeleaf/thymeleaf-spring5/3.0.14.RELEASE/thymeleaf-spring5-3.0.14.RELEASE.jar:/Users/zyc/.m2/repository/org/thymeleaf/thymeleaf/3.0.14.RELEASE/thymeleaf-3.0.14.RELEASE.jar:/Users/zyc/.m2/repository/org/attoparser/attoparser/2.0.5.RELEASE/attoparser-2.0.5.RELEASE.jar:/Users/zyc/.m2/repository/org/unbescape/unbescape/1.1.6.RELEASE/unbescape-1.1.6.RELEASE.jar:/Users/zyc/.m2/repository/org/thymeleaf/extras/thymeleaf-extras-java8time/3.0.4.RELEASE/thymeleaf-extras-java8time-3.0.4.RELEASE.jar:/Users/zyc/.m2/repository/org/springframework/boot/spring-boot-starter-web/2.6.3/spring-boot-starter-web-2.6.3.jar:/Users/zyc/.m2/repository/org/springframework/boot/spring-boot-starter-json/2.6.3/spring-boot-starter-json-2.6.3.jar:/Users/zyc/.m2/repository/com/fasterxml/jackson/core/jackson-databind/2.13.1/jackson-databind-2.13.1.jar:/Users/zyc/.m2/repository/com/fasterxml/jackson/core/jackson-annotations/2.13.1/jackson-annotations-2.13.1.jar:/Users/zyc/.m2/repository/com/fasterxml/jackson/core/jackson-core/2.13.1/jackson-core-2.13.1.jar:/Users/zyc/.m2/repository/com/fasterxml/jackson/datatype/jackson-datatype-jdk8/2.13.1/jackson-datatype-jdk8-2.13.1.jar:/Users/zyc/.m2/repository/com/fasterxml/jackson/datatype/jackson-datatype-jsr310/2.13.1/jackson-datatype-jsr310-2.13.1.jar:/Users/zyc/.m2/repository/com/fasterxml/jackson/module/jackson-module-parameter-names/2.13.1/jackson-module-parameter-names-2.13.1.jar:/Users/zyc/.m2/repository/org/springframework/boot/spring-boot-starter-tomcat/2.6.3/spring-boot-starter-tomcat-2.6.3.jar:/Users/zyc/.m2/repository/org/apache/tomcat/embed/tomcat-embed-core/9.0.56/tomcat-embed-core-9.0.56.jar:/Users/zyc/.m2/repository/org/apache/tomcat/embed/tomcat-embed-el/9.0.56/tomcat-embed-el-9.0.56.jar:/Users/zyc/.m2/repository/org/apache/tomcat/embed/tomcat-embed-websocket/9.0.56/tomcat-embed-websocket-9.0.56.jar:/Users/zyc/.m2/repository/org/springframework/spring-web/5.3.15/spring-web-5.3.15.jar:/Users/zyc/.m2/repository/org/springframework/spring-webmvc/5.3.15/spring-webmvc-5.3.15.jar:/Users/zyc/.m2/repository/org/springframework/spring-expression/5.3.15/spring-expression-5.3.15.jar:/Users/zyc/.m2/repository/mysql/mysql-connector-java/8.0.28/mysql-connector-java-8.0.28.jar:/Users/zyc/.m2/repository/org/springframework/boot/spring-boot-configuration-processor/2.6.3/spring-boot-configuration-processor-2.6.3.jar:/Users/zyc/.m2/repository/org/projectlombok/lombok/1.18.22/lombok-1.18.22.jar:/Users/zyc/.m2/repository/org/springframework/boot/spring-boot-starter-test/2.6.3/spring-boot-starter-test-2.6.3.jar:/Users/zyc/.m2/repository/org/springframework/boot/spring-boot-test/2.6.3/spring-boot-test-2.6.3.jar:/Users/zyc/.m2/repository/org/springframework/boot/spring-boot-test-autoconfigure/2.6.3/spring-boot-test-autoconfigure-2.6.3.jar:/Users/zyc/.m2/repository/com/jayway/jsonpath/json-path/2.6.0/json-path-2.6.0.jar:/Users/zyc/.m2/repository/net/minidev/json-smart/2.4.7/json-smart-2.4.7.jar:/Users/zyc/.m2/repository/net/minidev/accessors-smart/2.4.7/accessors-smart-2.4.7.jar:/Users/zyc/.m2/repository/org/ow2/asm/asm/9.1/asm-9.1.jar:/Users/zyc/.m2/repository/jakarta/xml/bind/jakarta.xml.bind-api/2.3.3/jakarta.xml.bind-api-2.3.3.jar:/Users/zyc/.m2/repository/jakarta/activation/jakarta.activation-api/1.2.2/jakarta.activation-api-1.2.2.jar:/Users/zyc/.m2/repository/org/assertj/assertj-core/3.21.0/assertj-core-3.21.0.jar:/Users/zyc/.m2/repository/org/hamcrest/hamcrest/2.2/hamcrest-2.2.jar:/Users/zyc/.m2/repository/org/mockito/mockito-core/4.0.0/mockito-core-4.0.0.jar:/Users/zyc/.m2/repository/net/bytebuddy/byte-buddy/1.11.22/byte-buddy-1.11.22.jar:/Users/zyc/.m2/repository/net/bytebuddy/byte-buddy-agent/1.11.22/byte-buddy-agent-1.11.22.jar:/Users/zyc/.m2/repository/org/objenesis/objenesis/3.2/objenesis-3.2.jar:/Users/zyc/.m2/repository/org/mockito/mockito-junit-jupiter/4.0.0/mockito-junit-jupiter-4.0.0.jar:/Users/zyc/.m2/repository/org/skyscreamer/jsonassert/1.5.0/jsonassert-1.5.0.jar:/Users/zyc/.m2/repository/com/vaadin/external/google/android-json/0.0.20131108.vaadin1/android-json-0.0.20131108.vaadin1.jar:/Users/zyc/.m2/repository/org/springframework/spring-core/5.3.15/spring-core-5.3.15.jar:/Users/zyc/.m2/repository/org/springframework/spring-jcl/5.3.15/spring-jcl-5.3.15.jar:/Users/zyc/.m2/repository/org/springframework/spring-test/5.3.15/spring-test-5.3.15.jar:/Users/zyc/.m2/repository/org/xmlunit/xmlunit-core/2.8.4/xmlunit-core-2.8.4.jar:/Users/zyc/.m2/repository/org/jsoup/jsoup/1.14.3/jsoup-1.14.3.jar:/Users/zyc/.m2/repository/org/springframework/boot/spring-boot-starter-jdbc/2.6.3/spring-boot-starter-jdbc-2.6.3.jar:/Users/zyc/.m2/repository/com/zaxxer/HikariCP/4.0.3/HikariCP-4.0.3.jar:/Users/zyc/.m2/repository/org/springframework/spring-jdbc/5.3.15/spring-jdbc-5.3.15.jar:/Users/zyc/.m2/repository/com/alibaba/druid/1.2.8/druid-1.2.8.jar:/Users/zyc/.m2/repository/javax/annotation/javax.annotation-api/1.3.2/javax.annotation-api-1.3.2.jar:/Users/zyc/.m2/repository/com/alibaba/druid-spring-boot-starter/1.1.17/druid-spring-boot-starter-1.1.17.jar:/Users/zyc/.m2/repository/org/slf4j/slf4j-api/1.7.33/slf4j-api-1.7.33.jar:/Users/zyc/.m2/repository/org/springframework/boot/spring-boot-autoconfigure/2.6.3/spring-boot-autoconfigure-2.6.3.jar:/Users/zyc/.m2/repository/org/mybatis/spring/boot/mybatis-spring-boot-starter/2.2.2/mybatis-spring-boot-starter-2.2.2.jar:/Users/zyc/.m2/repository/org/mybatis/spring/boot/mybatis-spring-boot-autoconfigure/2.2.2/mybatis-spring-boot-autoconfigure-2.2.2.jar:/Users/zyc/.m2/repository/org/mybatis/mybatis/3.5.9/mybatis-3.5.9.jar:/Users/zyc/.m2/repository/org/mybatis/mybatis-spring/2.0.7/mybatis-spring-2.0.7.jar:/Users/zyc/.m2/repository/com/baomidou/mybatis-plus-boot-starter/3.5.1/mybatis-plus-boot-starter-3.5.1.jar:/Users/zyc/.m2/repository/com/baomidou/mybatis-plus/3.5.1/mybatis-plus-3.5.1.jar:/Users/zyc/.m2/repository/com/baomidou/mybatis-plus-extension/3.5.1/mybatis-plus-extension-3.5.1.jar:/Users/zyc/.m2/repository/com/baomidou/mybatis-plus-core/3.5.1/mybatis-plus-core-3.5.1.jar:/Users/zyc/.m2/repository/com/baomidou/mybatis-plus-annotation/3.5.1/mybatis-plus-annotation-3.5.1.jar:/Users/zyc/.m2/repository/com/github/jsqlparser/jsqlparser/4.3/jsqlparser-4.3.jar:/Users/zyc/.m2/repository/org/junit/jupiter/junit-jupiter/5.8.2/junit-jupiter-5.8.2.jar:/Users/zyc/.m2/repository/org/junit/jupiter/junit-jupiter-api/5.8.2/junit-jupiter-api-5.8.2.jar:/Users/zyc/.m2/repository/org/opentest4j/opentest4j/1.2.0/opentest4j-1.2.0.jar:/Users/zyc/.m2/repository/org/junit/platform/junit-platform-commons/1.8.2/junit-platform-commons-1.8.2.jar:/Users/zyc/.m2/repository/org/apiguardian/apiguardian-api/1.1.2/apiguardian-api-1.1.2.jar:/Users/zyc/.m2/repository/org/junit/jupiter/junit-jupiter-params/5.8.2/junit-jupiter-params-5.8.2.jar:/Users/zyc/.m2/repository/org/junit/jupiter/junit-jupiter-engine/5.8.2/junit-jupiter-engine-5.8.2.jar:/Users/zyc/.m2/repository/org/junit/platform/junit-platform-engine/1.8.2/junit-platform-engine-1.8.2.jar:"/>
    <property name="java.vm.vendor" value="Oracle Corporation"/>
    <property name="sun.arch.data.model" value="64"/>
    <property name="java.vendor.url" value="https://java.oracle.com/"/>
    <property name="os.name" value="Mac OS X"/>
    <property name="java.vm.specification.version" value="17"/>
    <property name="sun.java.launcher" value="SUN_STANDARD"/>
    <property name="user.country" value="CN"/>
    <property name="sun.boot.library.path" value="/Library/Java/JavaVirtualMachines/jdk-17.0.1.jdk/Contents/Home/lib"/>
    <property name="sun.java.command" value="/Users/zyc/IdeaProjects/WordListSP/target/surefire/surefirebooter2635659337055198207.jar /Users/zyc/IdeaProjects/WordListSP/target/surefire 2022-02-22T18-09-10_836-jvmRun1 surefire13776476573854134355tmp surefire_01076058909869620091tmp"/>
    <property name="http.nonProxyHosts" value="local|*.local|169.254/16|*.169.254/16"/>
    <property name="jdk.debug" value="release"/>
    <property name="surefire.test.class.path" value="/Users/zyc/IdeaProjects/WordListSP/target/test-classes:/Users/zyc/IdeaProjects/WordListSP/target/classes:/Users/zyc/.m2/repository/org/springframework/boot/spring-boot-starter-data-jdbc/2.6.3/spring-boot-starter-data-jdbc-2.6.3.jar:/Users/zyc/.m2/repository/org/springframework/data/spring-data-jdbc/2.3.1/spring-data-jdbc-2.3.1.jar:/Users/zyc/.m2/repository/org/springframework/data/spring-data-relational/2.3.1/spring-data-relational-2.3.1.jar:/Users/zyc/.m2/repository/org/springframework/data/spring-data-commons/2.6.1/spring-data-commons-2.6.1.jar:/Users/zyc/.m2/repository/org/springframework/spring-tx/5.3.15/spring-tx-5.3.15.jar:/Users/zyc/.m2/repository/org/springframework/spring-context/5.3.15/spring-context-5.3.15.jar:/Users/zyc/.m2/repository/org/springframework/spring-beans/5.3.15/spring-beans-5.3.15.jar:/Users/zyc/.m2/repository/org/springframework/boot/spring-boot-starter-data-redis/2.6.3/spring-boot-starter-data-redis-2.6.3.jar:/Users/zyc/.m2/repository/org/springframework/boot/spring-boot-starter/2.6.3/spring-boot-starter-2.6.3.jar:/Users/zyc/.m2/repository/org/springframework/boot/spring-boot/2.6.3/spring-boot-2.6.3.jar:/Users/zyc/.m2/repository/org/springframework/boot/spring-boot-starter-logging/2.6.3/spring-boot-starter-logging-2.6.3.jar:/Users/zyc/.m2/repository/ch/qos/logback/logback-classic/1.2.10/logback-classic-1.2.10.jar:/Users/zyc/.m2/repository/ch/qos/logback/logback-core/1.2.10/logback-core-1.2.10.jar:/Users/zyc/.m2/repository/org/apache/logging/log4j/log4j-to-slf4j/2.17.1/log4j-to-slf4j-2.17.1.jar:/Users/zyc/.m2/repository/org/apache/logging/log4j/log4j-api/2.17.1/log4j-api-2.17.1.jar:/Users/zyc/.m2/repository/org/slf4j/jul-to-slf4j/1.7.33/jul-to-slf4j-1.7.33.jar:/Users/zyc/.m2/repository/jakarta/annotation/jakarta.annotation-api/1.3.5/jakarta.annotation-api-1.3.5.jar:/Users/zyc/.m2/repository/org/yaml/snakeyaml/1.29/snakeyaml-1.29.jar:/Users/zyc/.m2/repository/org/springframework/data/spring-data-redis/2.6.1/spring-data-redis-2.6.1.jar:/Users/zyc/.m2/repository/org/springframework/data/spring-data-keyvalue/2.6.1/spring-data-keyvalue-2.6.1.jar:/Users/zyc/.m2/repository/org/springframework/spring-oxm/5.3.15/spring-oxm-5.3.15.jar:/Users/zyc/.m2/repository/org/springframework/spring-aop/5.3.15/spring-aop-5.3.15.jar:/Users/zyc/.m2/repository/org/springframework/spring-context-support/5.3.15/spring-context-support-5.3.15.jar:/Users/zyc/.m2/repository/io/lettuce/lettuce-core/6.1.6.RELEASE/lettuce-core-6.1.6.RELEASE.jar:/Users/zyc/.m2/repository/io/netty/netty-common/4.1.73.Final/netty-common-4.1.73.Final.jar:/Users/zyc/.m2/repository/io/netty/netty-handler/4.1.73.Final/netty-handler-4.1.73.Final.jar:/Users/zyc/.m2/repository/io/netty/netty-resolver/4.1.73.Final/netty-resolver-4.1.73.Final.jar:/Users/zyc/.m2/repository/io/netty/netty-buffer/4.1.73.Final/netty-buffer-4.1.73.Final.jar:/Users/zyc/.m2/repository/io/netty/netty-codec/4.1.73.Final/netty-codec-4.1.73.Final.jar:/Users/zyc/.m2/repository/io/netty/netty-tcnative-classes/2.0.46.Final/netty-tcnative-classes-2.0.46.Final.jar:/Users/zyc/.m2/repository/io/netty/netty-transport/4.1.73.Final/netty-transport-4.1.73.Final.jar:/Users/zyc/.m2/repository/io/projectreactor/reactor-core/3.4.14/reactor-core-3.4.14.jar:/Users/zyc/.m2/repository/org/reactivestreams/reactive-streams/1.0.3/reactive-streams-1.0.3.jar:/Users/zyc/.m2/repository/org/springframework/boot/spring-boot-starter-thymeleaf/2.6.3/spring-boot-starter-thymeleaf-2.6.3.jar:/Users/zyc/.m2/repository/org/thymeleaf/thymeleaf-spring5/3.0.14.RELEASE/thymeleaf-spring5-3.0.14.RELEASE.jar:/Users/zyc/.m2/repository/org/thymeleaf/thymeleaf/3.0.14.RELEASE/thymeleaf-3.0.14.RELEASE.jar:/Users/zyc/.m2/repository/org/attoparser/attoparser/2.0.5.RELEASE/attoparser-2.0.5.RELEASE.jar:/Users/zyc/.m2/repository/org/unbescape/unbescape/1.1.6.RELEASE/unbescape-1.1.6.RELEASE.jar:/Users/zyc/.m2/repository/org/thymeleaf/extras/thymeleaf-extras-java8time/3.0.4.RELEASE/thymeleaf-extras-java8time-3.0.4.RELEASE.jar:/Users/zyc/.m2/repository/org/springframework/boot/spring-boot-starter-web/2.6.3/spring-boot-starter-web-2.6.3.jar:/Users/zyc/.m2/repository/org/springframework/boot/spring-boot-starter-json/2.6.3/spring-boot-starter-json-2.6.3.jar:/Users/zyc/.m2/repository/com/fasterxml/jackson/core/jackson-databind/2.13.1/jackson-databind-2.13.1.jar:/Users/zyc/.m2/repository/com/fasterxml/jackson/core/jackson-annotations/2.13.1/jackson-annotations-2.13.1.jar:/Users/zyc/.m2/repository/com/fasterxml/jackson/core/jackson-core/2.13.1/jackson-core-2.13.1.jar:/Users/zyc/.m2/repository/com/fasterxml/jackson/datatype/jackson-datatype-jdk8/2.13.1/jackson-datatype-jdk8-2.13.1.jar:/Users/zyc/.m2/repository/com/fasterxml/jackson/datatype/jackson-datatype-jsr310/2.13.1/jackson-datatype-jsr310-2.13.1.jar:/Users/zyc/.m2/repository/com/fasterxml/jackson/module/jackson-module-parameter-names/2.13.1/jackson-module-parameter-names-2.13.1.jar:/Users/zyc/.m2/repository/org/springframework/boot/spring-boot-starter-tomcat/2.6.3/spring-boot-starter-tomcat-2.6.3.jar:/Users/zyc/.m2/repository/org/apache/tomcat/embed/tomcat-embed-core/9.0.56/tomcat-embed-core-9.0.56.jar:/Users/zyc/.m2/repository/org/apache/tomcat/embed/tomcat-embed-el/9.0.56/tomcat-embed-el-9.0.56.jar:/Users/zyc/.m2/repository/org/apache/tomcat/embed/tomcat-embed-websocket/9.0.56/tomcat-embed-websocket-9.0.56.jar:/Users/zyc/.m2/repository/org/springframework/spring-web/5.3.15/spring-web-5.3.15.jar:/Users/zyc/.m2/repository/org/springframework/spring-webmvc/5.3.15/spring-webmvc-5.3.15.jar:/Users/zyc/.m2/repository/org/springframework/spring-expression/5.3.15/spring-expression-5.3.15.jar:/Users/zyc/.m2/repository/mysql/mysql-connector-java/8.0.28/mysql-connector-java-8.0.28.jar:/Users/zyc/.m2/repository/org/springframework/boot/spring-boot-configuration-processor/2.6.3/spring-boot-configuration-processor-2.6.3.jar:/Users/zyc/.m2/repository/org/projectlombok/lombok/1.18.22/lombok-1.18.22.jar:/Users/zyc/.m2/repository/org/springframework/boot/spring-boot-starter-test/2.6.3/spring-boot-starter-test-2.6.3.jar:/Users/zyc/.m2/repository/org/springframework/boot/spring-boot-test/2.6.3/spring-boot-test-2.6.3.jar:/Users/zyc/.m2/repository/org/springframework/boot/spring-boot-test-autoconfigure/2.6.3/spring-boot-test-autoconfigure-2.6.3.jar:/Users/zyc/.m2/repository/com/jayway/jsonpath/json-path/2.6.0/json-path-2.6.0.jar:/Users/zyc/.m2/repository/net/minidev/json-smart/2.4.7/json-smart-2.4.7.jar:/Users/zyc/.m2/repository/net/minidev/accessors-smart/2.4.7/accessors-smart-2.4.7.jar:/Users/zyc/.m2/repository/org/ow2/asm/asm/9.1/asm-9.1.jar:/Users/zyc/.m2/repository/jakarta/xml/bind/jakarta.xml.bind-api/2.3.3/jakarta.xml.bind-api-2.3.3.jar:/Users/zyc/.m2/repository/jakarta/activation/jakarta.activation-api/1.2.2/jakarta.activation-api-1.2.2.jar:/Users/zyc/.m2/repository/org/assertj/assertj-core/3.21.0/assertj-core-3.21.0.jar:/Users/zyc/.m2/repository/org/hamcrest/hamcrest/2.2/hamcrest-2.2.jar:/Users/zyc/.m2/repository/org/mockito/mockito-core/4.0.0/mockito-core-4.0.0.jar:/Users/zyc/.m2/repository/net/bytebuddy/byte-buddy/1.11.22/byte-buddy-1.11.22.jar:/Users/zyc/.m2/repository/net/bytebuddy/byte-buddy-agent/1.11.22/byte-buddy-agent-1.11.22.jar:/Users/zyc/.m2/repository/org/objenesis/objenesis/3.2/objenesis-3.2.jar:/Users/zyc/.m2/repository/org/mockito/mockito-junit-jupiter/4.0.0/mockito-junit-jupiter-4.0.0.jar:/Users/zyc/.m2/repository/org/skyscreamer/jsonassert/1.5.0/jsonassert-1.5.0.jar:/Users/zyc/.m2/repository/com/vaadin/external/google/android-json/0.0.20131108.vaadin1/android-json-0.0.20131108.vaadin1.jar:/Users/zyc/.m2/repository/org/springframework/spring-core/5.3.15/spring-core-5.3.15.jar:/Users/zyc/.m2/repository/org/springframework/spring-jcl/5.3.15/spring-jcl-5.3.15.jar:/Users/zyc/.m2/repository/org/springframework/spring-test/5.3.15/spring-test-5.3.15.jar:/Users/zyc/.m2/repository/org/xmlunit/xmlunit-core/2.8.4/xmlunit-core-2.8.4.jar:/Users/zyc/.m2/repository/org/jsoup/jsoup/1.14.3/jsoup-1.14.3.jar:/Users/zyc/.m2/repository/org/springframework/boot/spring-boot-starter-jdbc/2.6.3/spring-boot-starter-jdbc-2.6.3.jar:/Users/zyc/.m2/repository/com/zaxxer/HikariCP/4.0.3/HikariCP-4.0.3.jar:/Users/zyc/.m2/repository/org/springframework/spring-jdbc/5.3.15/spring-jdbc-5.3.15.jar:/Users/zyc/.m2/repository/com/alibaba/druid/1.2.8/druid-1.2.8.jar:/Users/zyc/.m2/repository/javax/annotation/javax.annotation-api/1.3.2/javax.annotation-api-1.3.2.jar:/Users/zyc/.m2/repository/com/alibaba/druid-spring-boot-starter/1.1.17/druid-spring-boot-starter-1.1.17.jar:/Users/zyc/.m2/repository/org/slf4j/slf4j-api/1.7.33/slf4j-api-1.7.33.jar:/Users/zyc/.m2/repository/org/springframework/boot/spring-boot-autoconfigure/2.6.3/spring-boot-autoconfigure-2.6.3.jar:/Users/zyc/.m2/repository/org/mybatis/spring/boot/mybatis-spring-boot-starter/2.2.2/mybatis-spring-boot-starter-2.2.2.jar:/Users/zyc/.m2/repository/org/mybatis/spring/boot/mybatis-spring-boot-autoconfigure/2.2.2/mybatis-spring-boot-autoconfigure-2.2.2.jar:/Users/zyc/.m2/repository/org/mybatis/mybatis/3.5.9/mybatis-3.5.9.jar:/Users/zyc/.m2/repository/org/mybatis/mybatis-spring/2.0.7/mybatis-spring-2.0.7.jar:/Users/zyc/.m2/repository/com/baomidou/mybatis-plus-boot-starter/3.5.1/mybatis-plus-boot-starter-3.5.1.jar:/Users/zyc/.m2/repository/com/baomidou/mybatis-plus/3.5.1/mybatis-plus-3.5.1.jar:/Users/zyc/.m2/repository/com/baomidou/mybatis-plus-extension/3.5.1/mybatis-plus-extension-3.5.1.jar:/Users/zyc/.m2/repository/com/baomidou/mybatis-plus-core/3.5.1/mybatis-plus-core-3.5.1.jar:/Users/zyc/.m2/repository/com/baomidou/mybatis-plus-annotation/3.5.1/mybatis-plus-annotation-3.5.1.jar:/Users/zyc/.m2/repository/com/github/jsqlparser/jsqlparser/4.3/jsqlparser-4.3.jar:/Users/zyc/.m2/repository/org/junit/jupiter/junit-jupiter/5.8.2/junit-jupiter-5.8.2.jar:/Users/zyc/.m2/repository/org/junit/jupiter/junit-jupiter-api/5.8.2/junit-jupiter-api-5.8.2.jar:/Users/zyc/.m2/repository/org/opentest4j/opentest4j/1.2.0/opentest4j-1.2.0.jar:/Users/zyc/.m2/repository/org/junit/platform/junit-platform-commons/1.8.2/junit-platform-commons-1.8.2.jar:/Users/zyc/.m2/repository/org/apiguardian/apiguardian-api/1.1.2/apiguardian-api-1.1.2.jar:/Users/zyc/.m2/repository/org/junit/jupiter/junit-jupiter-params/5.8.2/junit-jupiter-params-5.8.2.jar:/Users/zyc/.m2/repository/org/junit/jupiter/junit-jupiter-engine/5.8.2/junit-jupiter-engine-5.8.2.jar:/Users/zyc/.m2/repository/org/junit/platform/junit-platform-engine/1.8.2/junit-platform-engine-1.8.2.jar:"/>
    <property name="sun.cpu.endian" value="little"/>
    <property name="user.home" value="/Users/zyc"/>
    <property name="user.language" value="zh"/>
    <property name="java.specification.vendor" value="Oracle Corporation"/>
    <property name="java.version.date" value="2021-10-19"/>
    <property name="java.home" value="/Library/Java/JavaVirtualMachines/jdk-17.0.1.jdk/Contents/Home"/>
    <property name="file.separator" value="/"/>
    <property name="basedir" value="/Users/zyc/IdeaProjects/WordListSP"/>
    <property name="java.vm.compressedOopsMode" value="Zero based"/>
    <property name="line.separator" value="&#10;"/>
    <property name="java.vm.specification.vendor" value="Oracle Corporation"/>
    <property name="java.specification.name" value="Java Platform API Specification"/>
    <property name="surefire.real.class.path" value="/Users/zyc/IdeaProjects/WordListSP/target/surefire/surefirebooter2635659337055198207.jar"/>
    <property name="user.script" value="Hans"/>
    <property name="sun.management.compiler" value="HotSpot 64-Bit Tiered Compilers"/>
    <property name="ftp.nonProxyHosts" value="local|*.local|169.254/16|*.169.254/16"/>
    <property name="java.runtime.version" value="17.0.1+12-LTS-39"/>
    <property name="user.name" value="zyc"/>
    <property name="path.separator" value=":"/>
    <property name="os.version" value="12.1"/>
    <property name="java.runtime.name" value="Java(TM) SE Runtime Environment"/>
    <property name="file.encoding" value="UTF-8"/>
    <property name="java.vm.name" value="Java HotSpot(TM) 64-Bit Server VM"/>
    <property name="localRepository" value="/Users/zyc/.m2/repository"/>
    <property name="java.vendor.url.bug" value="https://bugreport.java.com/bugreport/"/>
    <property name="java.io.tmpdir" value="/var/folders/2s/05h2fvds1td_ryd6s2tcmcyr0000gn/T/"/>
    <property name="idea.version" value="2021.1.3"/>
    <property name="java.version" value="17.0.1"/>
    <property name="user.dir" value="/Users/zyc/IdeaProjects/WordListSP"/>
    <property name="os.arch" value="aarch64"/>
    <property name="java.vm.specification.name" value="Java Virtual Machine Specification"/>
    <property name="native.encoding" value="UTF-8"/>
    <property name="java.library.path" value="/Users/zyc/Library/Java/Extensions:/Library/Java/Extensions:/Network/Library/Java/Extensions:/System/Library/Java/Extensions:/usr/lib/java:."/>
    <property name="java.vm.info" value="mixed mode, sharing"/>
    <property name="java.vendor" value="Oracle Corporation"/>
    <property name="java.vm.version" value="17.0.1+12-LTS-39"/>
    <property name="sun.io.unicode.encoding" value="UnicodeBig"/>
    <property name="socksNonProxyHosts" value="local|*.local|169.254/16|*.169.254/16"/>
    <property name="java.class.version" value="61.0"/>
  </properties>
  <testcase name="test1" classname="com.zyc.wordlistsp.WordListSpApplicationTests" time="0.293"/>
  <testcase name="contextLoads" classname="com.zyc.wordlistsp.WordListSpApplicationTests" time="0"/>
</testsuite>